

============================== 2023-04-25 12:46:28.792598 | 789900fc-6419-44a1-9849-f2120116b14c ==============================
[0m12:46:28.792598 [info ] [MainThread]: Running with dbt=1.4.6
[0m12:46:28.793598 [debug] [MainThread]: running dbt with arguments {'write_json': True, 'use_colors': True, 'printer_width': 80, 'version_check': True, 'partial_parse': True, 'static_parser': True, 'profiles_dir': 'C:\\Users\\DominikVrbanic\\.dbt', 'send_anonymous_usage_stats': True, 'quiet': False, 'no_print': False, 'cache_selected_only': False, 'project_name': 'dbt2', 'skip_profile_setup': False, 'which': 'init', 'indirect_selection': 'eager'}
[0m12:46:28.794599 [debug] [MainThread]: Tracking: tracking
[0m12:46:28.810597 [debug] [MainThread]: Sending event: {'category': 'dbt', 'action': 'invocation', 'label': 'start', 'context': [<snowplow_tracker.self_describing_json.SelfDescribingJson object at 0x000002430DB15930>, <snowplow_tracker.self_describing_json.SelfDescribingJson object at 0x000002430DB142E0>, <snowplow_tracker.self_describing_json.SelfDescribingJson object at 0x000002430DB14130>]}
[0m12:46:28.813599 [debug] [MainThread]: Starter project path: C:\Users\DominikVrbanic\PycharmProjects\my_gx_tutorial\venv\lib\site-packages\dbt\include\starter_project
[0m12:46:30.473503 [info ] [MainThread]: 
Your new dbt project "dbt2" was created!

For more information on how to configure the profiles.yml file,
please consult the dbt documentation here:

  https://docs.getdbt.com/docs/configure-your-profile

One more thing:

Need help? Don't hesitate to reach out to us via GitHub issues or on Slack:

  https://community.getdbt.com/

Happy modeling!

[0m12:46:30.475504 [debug] [MainThread]: Sending event: {'category': 'dbt', 'action': 'invocation', 'label': 'end', 'context': [<snowplow_tracker.self_describing_json.SelfDescribingJson object at 0x000002430EBC3640>, <snowplow_tracker.self_describing_json.SelfDescribingJson object at 0x0000024311275480>, <snowplow_tracker.self_describing_json.SelfDescribingJson object at 0x000002431134FCD0>]}
[0m12:46:30.476507 [debug] [MainThread]: Flushing usage events


============================== 2023-04-26 08:14:44.380046 | 8ff0df4d-3ad4-40c6-94a9-325881154123 ==============================
[0m08:14:44.380046 [info ] [MainThread]: Running with dbt=1.4.6
[0m08:14:44.380046 [debug] [MainThread]: running dbt with arguments {'write_json': True, 'use_colors': True, 'printer_width': 80, 'version_check': True, 'partial_parse': True, 'static_parser': True, 'profiles_dir': 'C:\\Users\\DominikVrbanic\\.dbt', 'send_anonymous_usage_stats': True, 'quiet': False, 'no_print': False, 'cache_selected_only': False, 'project_name': 'dbt', 'skip_profile_setup': False, 'which': 'init', 'indirect_selection': 'eager'}
[0m08:14:44.380046 [debug] [MainThread]: Tracking: tracking
[0m08:14:44.411300 [debug] [MainThread]: Sending event: {'category': 'dbt', 'action': 'invocation', 'label': 'start', 'context': [<snowplow_tracker.self_describing_json.SelfDescribingJson object at 0x000001B3B5908700>, <snowplow_tracker.self_describing_json.SelfDescribingJson object at 0x000001B3B9065F60>, <snowplow_tracker.self_describing_json.SelfDescribingJson object at 0x000001B3B90659C0>]}
[0m08:15:04.117706 [debug] [MainThread]: Starter project path: C:\Users\DominikVrbanic\PycharmProjects\my_gx_tutorial\venv\lib\site-packages\dbt\include\starter_project
[0m08:15:06.136552 [info ] [MainThread]: 
Your new dbt project "dbt_project" was created!

For more information on how to configure the profiles.yml file,
please consult the dbt documentation here:

  https://docs.getdbt.com/docs/configure-your-profile

One more thing:

Need help? Don't hesitate to reach out to us via GitHub issues or on Slack:

  https://community.getdbt.com/

Happy modeling!

[0m08:15:06.136552 [debug] [MainThread]: Sending event: {'category': 'dbt', 'action': 'invocation', 'label': 'end', 'context': [<snowplow_tracker.self_describing_json.SelfDescribingJson object at 0x000001B3B709F7C0>, <snowplow_tracker.self_describing_json.SelfDescribingJson object at 0x000001B3B5909480>, <snowplow_tracker.self_describing_json.SelfDescribingJson object at 0x000001B3B5908F70>]}
[0m08:15:06.136552 [debug] [MainThread]: Flushing usage events


============================== 2023-04-26 13:44:41.552681 | 29bc561c-e495-42b7-aa8d-094c2cd665b3 ==============================
[0m13:44:41.552681 [info ] [MainThread]: Running with dbt=1.4.6
[0m13:44:41.567197 [debug] [MainThread]: running dbt with arguments {'write_json': True, 'use_colors': True, 'printer_width': 80, 'version_check': True, 'partial_parse': True, 'static_parser': True, 'profiles_dir': 'C:\\Users\\DominikVrbanic\\.dbt', 'send_anonymous_usage_stats': True, 'quiet': False, 'no_print': False, 'cache_selected_only': False, 'project_name': 'dbt', 'skip_profile_setup': False, 'which': 'init', 'indirect_selection': 'eager'}
[0m13:44:41.567197 [debug] [MainThread]: Tracking: tracking
[0m13:44:41.582838 [debug] [MainThread]: Sending event: {'category': 'dbt', 'action': 'invocation', 'label': 'start', 'context': [<snowplow_tracker.self_describing_json.SelfDescribingJson object at 0x00000264A7639D20>, <snowplow_tracker.self_describing_json.SelfDescribingJson object at 0x00000264AAD95F60>, <snowplow_tracker.self_describing_json.SelfDescribingJson object at 0x00000264AAD95A20>]}
[0m13:44:57.547843 [debug] [MainThread]: Starter project path: C:\Users\DominikVrbanic\PycharmProjects\my_gx_tutorial\venv\lib\site-packages\dbt\include\starter_project
[0m13:45:01.225448 [info ] [MainThread]: 
Your new dbt project "ddd" was created!

For more information on how to configure the profiles.yml file,
please consult the dbt documentation here:

  https://docs.getdbt.com/docs/configure-your-profile

One more thing:

Need help? Don't hesitate to reach out to us via GitHub issues or on Slack:

  https://community.getdbt.com/

Happy modeling!

[0m13:45:01.225448 [debug] [MainThread]: Sending event: {'category': 'dbt', 'action': 'invocation', 'label': 'end', 'context': [<snowplow_tracker.self_describing_json.SelfDescribingJson object at 0x00000264A8DCF7C0>, <snowplow_tracker.self_describing_json.SelfDescribingJson object at 0x00000264A7638820>, <snowplow_tracker.self_describing_json.SelfDescribingJson object at 0x00000264A7638F70>]}
[0m13:45:01.225448 [debug] [MainThread]: Flushing usage events
